


preprocess train dataset tailieuvn_xaa.csv
invalid name, invalid password
number of REMOVE invalid names (except nan): 226442
number of REMOVE uncrack password (except nan):  0
TOTAL have REMOVE ROWS (nan name + nan password + invali named + invalid password):  170335
csv record number before:  2492588
csv record number after:  2322253


preprocess train dataset tailieuvn_xab.csv
invalid name, invalid password
number of REMOVE invalid names (except nan): 188281
number of REMOVE uncrack password (except nan):  0
TOTAL have REMOVE ROWS (nan name + nan password + invali named + invalid password):  207074
csv record number before:  2325907
csv record number after:  2118833


preprocess train dataset tailieuvn_xac.csv
invalid name, invalid password
number of REMOVE invalid names (except nan): 304667
number of REMOVE uncrack password (except nan):  253
TOTAL have REMOVE ROWS (nan name + nan password + invali named + invalid password):  422327
csv record number before:  2433393
csv record number after:  2011066


preprocess train dataset zing_xaa.csv
invalid name, invalid password
number of REMOVE invalid names (except nan): 124521
number of REMOVE uncrack password (except nan):  20
TOTAL have REMOVE ROWS (nan name + nan password + invali named + invalid password):  1343167
csv record number before:  1812267
csv record number after:  469100


preprocess train dataset zing_xab.csv
invalid name, invalid password
number of REMOVE invalid names (except nan): 128828
number of REMOVE uncrack password (except nan):  24
TOTAL have REMOVE ROWS (nan name + nan password + invali named + invalid password):  1325524
csv record number before:  1793663
csv record number after:  468139


preprocess train dataset zing_xac.csv
invalid name, invalid password
number of REMOVE invalid names (except nan): 138370
number of REMOVE uncrack password (except nan):  12
TOTAL have REMOVE ROWS (nan name + nan password + invali named + invalid password):  1346309
csv record number before:  1816348
csv record number after:  470039


preprocess train dataset zing_xad.csv
invalid name, invalid password
number of REMOVE invalid names (except nan): 142741
number of REMOVE uncrack password (except nan):  14
TOTAL have REMOVE ROWS (nan name + nan password + invali named + invalid password):  1337705
csv record number before:  1822682
csv record number after:  484977


preprocess train dataset zing_xae.csv
invalid name, invalid password
number of REMOVE invalid names (except nan): 150603
number of REMOVE uncrack password (except nan):  10
TOTAL have REMOVE ROWS (nan name + nan password + invali named + invalid password):  1413516
csv record number before:  1862642
csv record number after:  449126


preprocess train dataset zing_xaf.csv
invalid name, invalid password
number of REMOVE invalid names (except nan): 113927
number of REMOVE uncrack password (except nan):  7
TOTAL have REMOVE ROWS (nan name + nan password + invali named + invalid password):  1410548
csv record number before:  1821901
csv record number after:  411353


preprocess train dataset zing_xag.csv
invalid name, invalid password
number of REMOVE invalid names (except nan): 113010
number of REMOVE uncrack password (except nan):  1
TOTAL have REMOVE ROWS (nan name + nan password + invali named + invalid password):  1407144
csv record number before:  1819523
csv record number after:  412379


preprocess train dataset zing_xah.csv
invalid name, invalid password
number of REMOVE invalid names (except nan): 113241
number of REMOVE uncrack password (except nan):  1
TOTAL have REMOVE ROWS (nan name + nan password + invali named + invalid password):  1555749
csv record number before:  1943716
csv record number after:  387967


preprocess train dataset zing_xai.csv
invalid name, invalid password
number of REMOVE invalid names (except nan): 99569
number of REMOVE uncrack password (except nan):  5
TOTAL have REMOVE ROWS (nan name + nan password + invali named + invalid password):  1621715
csv record number before:  1943668
csv record number after:  321953


preprocess train dataset zing_xaj.csv
invalid name, invalid password
number of REMOVE invalid names (except nan): 201115
number of REMOVE uncrack password (except nan):  16
TOTAL have REMOVE ROWS (nan name + nan password + invali named + invalid password):  1458747
csv record number before:  1938705
csv record number after:  479958


preprocess train dataset zing_xak.csv
invalid name, invalid password
number of REMOVE invalid names (except nan): 175869
number of REMOVE uncrack password (except nan):  33
TOTAL have REMOVE ROWS (nan name + nan password + invali named + invalid password):  1436627
csv record number before:  1932190
csv record number after:  495563


preprocess train dataset zing_xal.csv
invalid name, invalid password
number of REMOVE invalid names (except nan): 345898
number of REMOVE uncrack password (except nan):  76
TOTAL have REMOVE ROWS (nan name + nan password + invali named + invalid password):  1218167
csv record number before:  1996769
csv record number after:  778602


preprocess train dataset zing_xam.csv
invalid name, invalid password
number of REMOVE invalid names (except nan): 401729
number of REMOVE uncrack password (except nan):  32
TOTAL have REMOVE ROWS (nan name + nan password + invali named + invalid password):  1301178
csv record number before:  2058648
csv record number after:  757470


preprocess train dataset zing_xan.csv
invalid name, invalid password
number of REMOVE invalid names (except nan): 246565
number of REMOVE uncrack password (except nan):  31
TOTAL have REMOVE ROWS (nan name + nan password + invali named + invalid password):  1073879
csv record number before:  1563119
csv record number after:  489240
